#-----------------------------------------------------------
# Vivado v2015.2 (64-bit)
# SW Build 1266856 on Fri Jun 26 16:35:25 MDT 2015
# IP Build 1264090 on Wed Jun 24 14:22:01 MDT 2015
# Start of session at: Sun Dec 16 16:49:24 2018
# Process ID: 7132
# Log file: C:/Users/84397/Desktop/material/car20181216/system_ability_2018/ip_repo/Motor_driver/vivado.log
# Journal file: C:/Users/84397/Desktop/material/car20181216/system_ability_2018/ip_repo/Motor_driver\vivado.jou
#-----------------------------------------------------------
start_gui
open_project C:/Users/84397/Desktop/material/car20181216/system_ability_2018/ip_repo/Motor_driver/edit_Motor_driver_v1_0.xpr
INFO: [ProjectBase 1-489] The host OS only allows 260 characters in a normal path. The project is stored in a path with more than 80 characters. If you experience issues with IP, Block Designs, or files not being found, please consider moving the project to a location with a shorter path. Alternately consider using the OS subst command to map part of the path to a drive letter.
Current project path is 'C:/Users/84397/Desktop/material/car20181216/system_ability_2018/ip_repo/Motor_driver'
Scanning sources...
Finished scanning sources
INFO: [IP_Flow 19-234] Refreshing IP repositories
INFO: [IP_Flow 19-1700] Loaded user IP repository 'c:/Users/84397/Desktop/material/car20181216/system_ability_2018/ip_repo/Motor_driver/Motor_driver_1.0'.
INFO: [IP_Flow 19-1700] Loaded user IP repository 'c:/Users/84397/Desktop/material/car20181216/system_ability_2018/ip_repo/PWM_car/PWM_car_1.0'.
INFO: [IP_Flow 19-1700] Loaded user IP repository 'c:/Users/84397/Desktop/material/car20181216/system_ability_2018/ip_repo/PWM_w_Int_1.0'.
INFO: [IP_Flow 19-1700] Loaded user IP repository 'c:/Users/84397/Desktop/material/car20181216/system_ability_2018/ip_repo/my_mips_packaged'.
INFO: [IP_Flow 19-2313] Loaded Vivado IP repository 'D:/Xilinx/Vivado/2015.2/data/ip'.
open_project: Time (s): cpu = 00:00:18 ; elapsed = 00:00:10 . Memory (MB): peak = 796.629 ; gain = 216.520
ipx::open_ipxact_file C:/Users/84397/Desktop/material/car20181216/system_ability_2018/ip_repo/Motor_driver/motor_driver_1.0/component.xml
ipx::remove_file c:/users/84397/desktop/material/car20181216/system_ability_2018/ip_repo/motor_driver/edit_Motor_driver_v1_0.srcs/sources_1/new/PWM_CAR_Controller.v [ipx::get_file_groups xilinx_verilogsynthesis -of_objects [ipx::current_core]]
ipx::remove_file c:/users/84397/desktop/material/car20181216/system_ability_2018/ip_repo/motor_driver/edit_Motor_driver_v1_0.srcs/sources_1/new/Car_speed_direciton.v [ipx::get_file_groups xilinx_verilogsynthesis -of_objects [ipx::current_core]]
ipx::remove_file c:/users/84397/desktop/material/car20181216/system_ability_2018/ip_repo/motor_driver/edit_Motor_driver_v1_0.srcs/sources_1/new/PWM_CAR_Controller.v [ipx::get_file_groups xilinx_verilogbehavioralsimulation -of_objects [ipx::current_core]]
ipx::remove_file c:/users/84397/desktop/material/car20181216/system_ability_2018/ip_repo/motor_driver/edit_Motor_driver_v1_0.srcs/sources_1/new/Car_speed_direciton.v [ipx::get_file_groups xilinx_verilogbehavioralsimulation -of_objects [ipx::current_core]]
set_property core_revision 2 [ipx::current_core]
ipx::create_xgui_files [ipx::current_core]
ipx::update_checksums [ipx::current_core]
ipx::save_core [ipx::current_core]
update_ip_catalog -rebuild -repo_path c:/Users/84397/Desktop/material/car20181216/system_ability_2018/ip_repo/Motor_driver/Motor_driver_1.0
INFO: [IP_Flow 19-725] Reloaded user IP repository 'c:/Users/84397/Desktop/material/car20181216/system_ability_2018/ip_repo/Motor_driver/Motor_driver_1.0'
ipx::check_integrity -quiet [ipx::current_core]
ipx::archive_core {C:\Users\84397\Desktop\material\car20181216\system_ability_2018\ip_repo\Motor_driver\Motor_driver_1.0\xilinx.com_user_Motor_driver_1.0.zip} [ipx::current_core]
set_property core_revision 3 [ipx::current_core]
ipx::create_xgui_files [ipx::current_core]
ipx::update_checksums [ipx::current_core]
ipx::save_core [ipx::current_core]
update_ip_catalog -rebuild -repo_path c:/Users/84397/Desktop/material/car20181216/system_ability_2018/ip_repo/Motor_driver/Motor_driver_1.0
INFO: [IP_Flow 19-725] Reloaded user IP repository 'c:/Users/84397/Desktop/material/car20181216/system_ability_2018/ip_repo/Motor_driver/Motor_driver_1.0'
ipx::check_integrity -quiet [ipx::current_core]
ipx::archive_core {C:\Users\84397\Desktop\material\car20181216\system_ability_2018\ip_repo\Motor_driver\Motor_driver_1.0\xilinx.com_user_Motor_driver_1.0.zip} [ipx::current_core]
exit
INFO: [Common 17-206] Exiting Vivado at Sun Dec 16 16:51:10 2018...
