#-----------------------------------------------------------
# Vivado v2015.2 (64-bit)
# SW Build 1266856 on Fri Jun 26 16:35:25 MDT 2015
# IP Build 1264090 on Wed Jun 24 14:22:01 MDT 2015
# Start of session at: Sun Dec 16 17:34:30 2018
# Process ID: 11256
# Log file: D:/system/system_ability_2018/system_ability_2018/ip_repo/car_by_li/vivado.log
# Journal file: D:/system/system_ability_2018/system_ability_2018/ip_repo/car_by_li\vivado.jou
#-----------------------------------------------------------
start_gui
open_project D:/system/system_ability_2018/system_ability_2018/ip_repo/car_by_li/edit_Motor_driver_v1_0.xpr
INFO: [Project 1-313] Project file moved from 'c:/users/84397/desktop/material/car20181216/system_ability_2018/ip_repo/motor_driver' since last save.
Scanning sources...
Finished scanning sources
WARNING: [filemgmt 56-2] IP Repository Path: Could not find the directory 'D:/../../../Users/84397/Desktop/material/car20181216/system_ability_2018/ip_repo/Motor_driver/Motor_driver_1.0', nor could it be found using path 'c:/Users/84397/Desktop/material/car20181216/system_ability_2018/ip_repo/Motor_driver/Motor_driver_1.0'.
WARNING: [filemgmt 56-2] IP Repository Path: Could not find the directory 'D:/../../../Users/84397/Desktop/material/car20181216/system_ability_2018/ip_repo/PWM_car/PWM_car_1.0', nor could it be found using path 'c:/Users/84397/Desktop/material/car20181216/system_ability_2018/ip_repo/PWM_car/PWM_car_1.0'.
WARNING: [filemgmt 56-2] IP Repository Path: Could not find the directory 'D:/../../../Users/84397/Desktop/material/car20181216/system_ability_2018/ip_repo/PWM_w_Int_1.0', nor could it be found using path 'c:/Users/84397/Desktop/material/car20181216/system_ability_2018/ip_repo/PWM_w_Int_1.0'.
WARNING: [filemgmt 56-2] IP Repository Path: Could not find the directory 'D:/../../../Users/84397/Desktop/material/car20181216/system_ability_2018/ip_repo/my_mips_packaged', nor could it be found using path 'c:/Users/84397/Desktop/material/car20181216/system_ability_2018/ip_repo/my_mips_packaged'.
INFO: [IP_Flow 19-234] Refreshing IP repositories
WARNING: [IP_Flow 19-2248] Failed to load user IP repository 'd:/system/system_ability_2018/system_ability_2018/ip_repo/Users/84397/Desktop/material/car20181216/system_ability_2018/ip_repo/Motor_driver/Motor_driver_1.0'; Can't find the specified path.
If this directory should no longer be in your list of user repositories, go to the IP Settings dialog and remove it.
WARNING: [IP_Flow 19-2248] Failed to load user IP repository 'd:/system/system_ability_2018/system_ability_2018/ip_repo/Users/84397/Desktop/material/car20181216/system_ability_2018/ip_repo/PWM_car/PWM_car_1.0'; Can't find the specified path.
If this directory should no longer be in your list of user repositories, go to the IP Settings dialog and remove it.
WARNING: [IP_Flow 19-2248] Failed to load user IP repository 'd:/system/system_ability_2018/system_ability_2018/ip_repo/Users/84397/Desktop/material/car20181216/system_ability_2018/ip_repo/PWM_w_Int_1.0'; Can't find the specified path.
If this directory should no longer be in your list of user repositories, go to the IP Settings dialog and remove it.
WARNING: [IP_Flow 19-2248] Failed to load user IP repository 'd:/system/system_ability_2018/system_ability_2018/ip_repo/Users/84397/Desktop/material/car20181216/system_ability_2018/ip_repo/my_mips_packaged'; Can't find the specified path.
If this directory should no longer be in your list of user repositories, go to the IP Settings dialog and remove it.
INFO: [IP_Flow 19-2313] Loaded Vivado IP repository 'E:/vivado/Vivado/2015.2/data/ip'.
open_project: Time (s): cpu = 00:00:12 ; elapsed = 00:00:06 . Memory (MB): peak = 776.816 ; gain = 189.398
update_compile_order -fileset sources_1
update_compile_order -fileset sources_1
remove_files D:/system/system_ability_2018/system_ability_2018/ip_repo/car_by_li/edit_Motor_driver_v1_0.srcs/sources_1/new/PWM_CAR_Controller.v
close [ open D:/system/system_ability_2018/system_ability_2018/ip_repo/car_by_li/edit_Motor_driver_v1_0.srcs/sources_1/new/pwmcar.v w ]
add_files D:/system/system_ability_2018/system_ability_2018/ip_repo/car_by_li/edit_Motor_driver_v1_0.srcs/sources_1/new/pwmcar.v
update_compile_order -fileset sources_1
update_compile_order -fileset sources_1
ipx::open_ipxact_file D:/system/system_ability_2018/system_ability_2018/ip_repo/car_by_li/motor_driver_1.0/component.xml
set_property core_revision 4 [ipx::current_core]
ipx::create_xgui_files [ipx::current_core]
ipx::update_checksums [ipx::current_core]
ipx::save_core [ipx::current_core]
set_property  ip_repo_paths  {d:/system/system_ability_2018/system_ability_2018/ip_repo/car_by_li/motor_driver_1.0 d:/system/system_ability_2018/system_ability_2018/ip_repo/Users/84397/Desktop/material/car20181216/system_ability_2018/ip_repo/Motor_driver/Motor_driver_1.0 d:/system/system_ability_2018/system_ability_2018/ip_repo/Users/84397/Desktop/material/car20181216/system_ability_2018/ip_repo/PWM_car/PWM_car_1.0 d:/system/system_ability_2018/system_ability_2018/ip_repo/Users/84397/Desktop/material/car20181216/system_ability_2018/ip_repo/PWM_w_Int_1.0 d:/system/system_ability_2018/system_ability_2018/ip_repo/Users/84397/Desktop/material/car20181216/system_ability_2018/ip_repo/my_mips_packaged} [current_project]
update_ip_catalog
INFO: [IP_Flow 19-234] Refreshing IP repositories
INFO: [IP_Flow 19-1700] Loaded user IP repository 'd:/system/system_ability_2018/system_ability_2018/ip_repo/car_by_li/motor_driver_1.0'.
WARNING: [IP_Flow 19-2248] Failed to load user IP repository 'd:/system/system_ability_2018/system_ability_2018/ip_repo/Users/84397/Desktop/material/car20181216/system_ability_2018/ip_repo/Motor_driver/Motor_driver_1.0'; Can't find the specified path.
If this directory should no longer be in your list of user repositories, go to the IP Settings dialog and remove it.
WARNING: [IP_Flow 19-2248] Failed to load user IP repository 'd:/system/system_ability_2018/system_ability_2018/ip_repo/Users/84397/Desktop/material/car20181216/system_ability_2018/ip_repo/PWM_car/PWM_car_1.0'; Can't find the specified path.
If this directory should no longer be in your list of user repositories, go to the IP Settings dialog and remove it.
WARNING: [IP_Flow 19-2248] Failed to load user IP repository 'd:/system/system_ability_2018/system_ability_2018/ip_repo/Users/84397/Desktop/material/car20181216/system_ability_2018/ip_repo/PWM_w_Int_1.0'; Can't find the specified path.
If this directory should no longer be in your list of user repositories, go to the IP Settings dialog and remove it.
WARNING: [IP_Flow 19-2248] Failed to load user IP repository 'd:/system/system_ability_2018/system_ability_2018/ip_repo/Users/84397/Desktop/material/car20181216/system_ability_2018/ip_repo/my_mips_packaged'; Can't find the specified path.
If this directory should no longer be in your list of user repositories, go to the IP Settings dialog and remove it.
ipx::check_integrity -quiet [ipx::current_core]
ipx::archive_core {D:\system\system_ability_2018\system_ability_2018\ip_repo\car_by_li\xilinx.com_user_Motor_driver_1.0.zip} [ipx::current_core]
set_property core_revision 5 [ipx::current_core]
ipx::create_xgui_files [ipx::current_core]
ipx::update_checksums [ipx::current_core]
ipx::save_core [ipx::current_core]
update_ip_catalog -rebuild -repo_path d:/system/system_ability_2018/system_ability_2018/ip_repo/car_by_li/motor_driver_1.0
INFO: [IP_Flow 19-725] Reloaded user IP repository 'd:/system/system_ability_2018/system_ability_2018/ip_repo/car_by_li/motor_driver_1.0'
ipx::check_integrity -quiet [ipx::current_core]
ipx::archive_core {D:\system\system_ability_2018\system_ability_2018\ip_repo\car_by_li\xilinx.com_user_Motor_driver_1.0.zip} [ipx::current_core]
launch_runs synth_1 -jobs 4
INFO: [HDL 9-2216] Analyzing Verilog file "D:/system/system_ability_2018/system_ability_2018/ip_repo/car_by_li/edit_Motor_driver_v1_0.srcs/sources_1/new/Car_speed_direciton.v" into library work [D:/system/system_ability_2018/system_ability_2018/ip_repo/car_by_li/edit_Motor_driver_v1_0.srcs/sources_1/new/Car_speed_direciton.v:1]
INFO: [HDL 9-2216] Analyzing Verilog file "D:/system/system_ability_2018/system_ability_2018/ip_repo/car_by_li/motor_driver_1.0/hdl/Motor_driver_v1_0.v" into library work [D:/system/system_ability_2018/system_ability_2018/ip_repo/car_by_li/motor_driver_1.0/hdl/Motor_driver_v1_0.v:1]
INFO: [HDL 9-2216] Analyzing Verilog file "D:/system/system_ability_2018/system_ability_2018/ip_repo/car_by_li/motor_driver_1.0/hdl/Motor_driver_v1_0_S00_AXI.v" into library work [D:/system/system_ability_2018/system_ability_2018/ip_repo/car_by_li/motor_driver_1.0/hdl/Motor_driver_v1_0_S00_AXI.v:1]
INFO: [HDL 9-2216] Analyzing Verilog file "D:/system/system_ability_2018/system_ability_2018/ip_repo/car_by_li/edit_Motor_driver_v1_0.srcs/sources_1/new/pwmcar.v" into library work [D:/system/system_ability_2018/system_ability_2018/ip_repo/car_by_li/edit_Motor_driver_v1_0.srcs/sources_1/new/pwmcar.v:1]
[Sun Dec 16 17:57:27 2018] Launched synth_1...
Run output will be captured here: D:/system/system_ability_2018/system_ability_2018/ip_repo/car_by_li/edit_Motor_driver_v1_0.runs/synth_1/runme.log
launch_runs impl_1 -jobs 4
[Sun Dec 16 18:28:51 2018] Launched impl_1...
Run output will be captured here: D:/system/system_ability_2018/system_ability_2018/ip_repo/car_by_li/edit_Motor_driver_v1_0.runs/impl_1/runme.log
open_run impl_1
INFO: [Netlist 29-17] Analyzing 119 Unisim elements for replacement
INFO: [Netlist 29-28] Unisim Transformation completed in 0 CPU seconds
INFO: [Project 1-479] Netlist was created with Vivado 2015.2
INFO: [Device 21-403] Loading part xc7a100tcsg324-1
INFO: [Project 1-570] Preparing netlist for logic optimization
Reading XDEF placement.
Reading placer database...
Reading XDEF routing.
Read XDEF File: Time (s): cpu = 00:00:00 ; elapsed = 00:00:00.149 . Memory (MB): peak = 1047.121 ; gain = 0.914
Restored from archive | CPU: 0.000000 secs | Memory: 0.000000 MB |
Finished XDEF File Restore: Time (s): cpu = 00:00:00 ; elapsed = 00:00:00.151 . Memory (MB): peak = 1047.121 ; gain = 0.914
INFO: [Project 1-111] Unisim Transformation Summary:
No Unisim elements were transformed.

open_run: Time (s): cpu = 00:00:26 ; elapsed = 00:00:16 . Memory (MB): peak = 1163.059 ; gain = 326.367
WARNING: [Timing 38-313] There are no user specified timing constraints. Timing constraints are needed for proper timing analysis.
ipx::add_file ../edit_Motor_driver_v1_0.srcs/sources_1/new/Car_speed_direciton.v [ipx::get_file_groups xilinx_verilogsynthesis -of_objects [ipx::current_core]]
set_property type verilogSource [ipx::get_files ../edit_Motor_driver_v1_0.srcs/sources_1/new/Car_speed_direciton.v -of_objects [ipx::get_file_groups xilinx_verilogsynthesis -of_objects [ipx::current_core]]]
set_property library_name xil_defaultlib [ipx::get_files ../edit_Motor_driver_v1_0.srcs/sources_1/new/Car_speed_direciton.v -of_objects [ipx::get_file_groups xilinx_verilogsynthesis -of_objects [ipx::current_core]]]
ipx::add_file ../edit_Motor_driver_v1_0.srcs/sources_1/new/pwmcar.v [ipx::get_file_groups xilinx_verilogsynthesis -of_objects [ipx::current_core]]
set_property type verilogSource [ipx::get_files ../edit_Motor_driver_v1_0.srcs/sources_1/new/pwmcar.v -of_objects [ipx::get_file_groups xilinx_verilogsynthesis -of_objects [ipx::current_core]]]
set_property library_name xil_defaultlib [ipx::get_files ../edit_Motor_driver_v1_0.srcs/sources_1/new/pwmcar.v -of_objects [ipx::get_file_groups xilinx_verilogsynthesis -of_objects [ipx::current_core]]]
set_property core_revision 6 [ipx::current_core]
ipx::create_xgui_files [ipx::current_core]
ipx::update_checksums [ipx::current_core]
ipx::save_core [ipx::current_core]
update_ip_catalog -rebuild -repo_path d:/system/system_ability_2018/system_ability_2018/ip_repo/car_by_li/motor_driver_1.0
INFO: [IP_Flow 19-725] Reloaded user IP repository 'd:/system/system_ability_2018/system_ability_2018/ip_repo/car_by_li/motor_driver_1.0'
ipx::check_integrity -quiet [ipx::current_core]
ipx::archive_core {D:\system\system_ability_2018\system_ability_2018\ip_repo\car_by_li\xilinx.com_user_Motor_driver_1.0.zip} [ipx::current_core]
exit
INFO: [Common 17-206] Exiting Vivado at Sun Dec 16 22:43:31 2018...
