#-----------------------------------------------------------
# Vivado v2015.2 (64-bit)
# SW Build 1266856 on Fri Jun 26 16:35:25 MDT 2015
# IP Build 1264090 on Wed Jun 24 14:22:01 MDT 2015
# Start of session at: Mon Dec 17 08:09:43 2018
# Process ID: 6556
# Log file: D:/system/system_ability_2018/system_ability_2018/ip_repo/car_by_li/vivado.log
# Journal file: D:/system/system_ability_2018/system_ability_2018/ip_repo/car_by_li\vivado.jou
#-----------------------------------------------------------
start_gui
open_project D:/system/system_ability_2018/system_ability_2018/ip_repo/car_by_li/edit_Motor_driver_v1_0.xpr
Scanning sources...
Finished scanning sources
WARNING: [filemgmt 56-3] IP Repository Path: Could not find the directory 'D:/system/system_ability_2018/system_ability_2018/ip_repo/Users/84397/Desktop/material/car20181216/system_ability_2018/ip_repo/Motor_driver/Motor_driver_1.0'.
WARNING: [filemgmt 56-3] IP Repository Path: Could not find the directory 'D:/system/system_ability_2018/system_ability_2018/ip_repo/Users/84397/Desktop/material/car20181216/system_ability_2018/ip_repo/PWM_car/PWM_car_1.0'.
WARNING: [filemgmt 56-3] IP Repository Path: Could not find the directory 'D:/system/system_ability_2018/system_ability_2018/ip_repo/Users/84397/Desktop/material/car20181216/system_ability_2018/ip_repo/PWM_w_Int_1.0'.
WARNING: [filemgmt 56-3] IP Repository Path: Could not find the directory 'D:/system/system_ability_2018/system_ability_2018/ip_repo/Users/84397/Desktop/material/car20181216/system_ability_2018/ip_repo/my_mips_packaged'.
INFO: [IP_Flow 19-234] Refreshing IP repositories
INFO: [IP_Flow 19-1700] Loaded user IP repository 'd:/system/system_ability_2018/system_ability_2018/ip_repo/car_by_li/motor_driver_1.0'.
WARNING: [IP_Flow 19-2248] Failed to load user IP repository 'd:/system/system_ability_2018/system_ability_2018/ip_repo/Users/84397/Desktop/material/car20181216/system_ability_2018/ip_repo/Motor_driver/Motor_driver_1.0'; Can't find the specified path.
If this directory should no longer be in your list of user repositories, go to the IP Settings dialog and remove it.
WARNING: [IP_Flow 19-2248] Failed to load user IP repository 'd:/system/system_ability_2018/system_ability_2018/ip_repo/Users/84397/Desktop/material/car20181216/system_ability_2018/ip_repo/PWM_car/PWM_car_1.0'; Can't find the specified path.
If this directory should no longer be in your list of user repositories, go to the IP Settings dialog and remove it.
WARNING: [IP_Flow 19-2248] Failed to load user IP repository 'd:/system/system_ability_2018/system_ability_2018/ip_repo/Users/84397/Desktop/material/car20181216/system_ability_2018/ip_repo/PWM_w_Int_1.0'; Can't find the specified path.
If this directory should no longer be in your list of user repositories, go to the IP Settings dialog and remove it.
WARNING: [IP_Flow 19-2248] Failed to load user IP repository 'd:/system/system_ability_2018/system_ability_2018/ip_repo/Users/84397/Desktop/material/car20181216/system_ability_2018/ip_repo/my_mips_packaged'; Can't find the specified path.
If this directory should no longer be in your list of user repositories, go to the IP Settings dialog and remove it.
INFO: [IP_Flow 19-2313] Loaded Vivado IP repository 'E:/vivado/Vivado/2015.2/data/ip'.
open_project: Time (s): cpu = 00:00:16 ; elapsed = 00:00:08 . Memory (MB): peak = 766.641 ; gain = 188.777
ipx::open_ipxact_file D:/system/system_ability_2018/system_ability_2018/ip_repo/car_by_li/motor_driver_1.0/component.xml
reset_run synth_1
launch_runs impl_1 -jobs 4
[Mon Dec 17 08:34:54 2018] Launched synth_1...
Run output will be captured here: D:/system/system_ability_2018/system_ability_2018/ip_repo/car_by_li/edit_Motor_driver_v1_0.runs/synth_1/runme.log
[Mon Dec 17 08:34:54 2018] Launched impl_1...
Run output will be captured here: D:/system/system_ability_2018/system_ability_2018/ip_repo/car_by_li/edit_Motor_driver_v1_0.runs/impl_1/runme.log
set_property core_revision 7 [ipx::current_core]
ipx::create_xgui_files [ipx::current_core]
ipx::update_checksums [ipx::current_core]
ipx::save_core [ipx::current_core]
update_ip_catalog -rebuild -repo_path d:/system/system_ability_2018/system_ability_2018/ip_repo/car_by_li/motor_driver_1.0
INFO: [IP_Flow 19-725] Reloaded user IP repository 'd:/system/system_ability_2018/system_ability_2018/ip_repo/car_by_li/motor_driver_1.0'
ipx::check_integrity -quiet [ipx::current_core]
ipx::archive_core {D:\system\system_ability_2018\system_ability_2018\ip_repo\car_by_li\xilinx.com_user_Motor_driver_1.0.zip} [ipx::current_core]
set_property core_revision 8 [ipx::current_core]
ipx::create_xgui_files [ipx::current_core]
ipx::update_checksums [ipx::current_core]
ipx::save_core [ipx::current_core]
update_ip_catalog -rebuild -repo_path d:/system/system_ability_2018/system_ability_2018/ip_repo/car_by_li/motor_driver_1.0
INFO: [IP_Flow 19-725] Reloaded user IP repository 'd:/system/system_ability_2018/system_ability_2018/ip_repo/car_by_li/motor_driver_1.0'
ipx::check_integrity -quiet [ipx::current_core]
ipx::archive_core {D:\system\system_ability_2018\system_ability_2018\ip_repo\car_by_li\xilinx.com_user_Motor_driver_1.0.zip} [ipx::current_core]
reset_run synth_1
launch_runs impl_1 -jobs 4
[Mon Dec 17 09:34:03 2018] Launched synth_1...
Run output will be captured here: D:/system/system_ability_2018/system_ability_2018/ip_repo/car_by_li/edit_Motor_driver_v1_0.runs/synth_1/runme.log
[Mon Dec 17 09:34:03 2018] Launched impl_1...
Run output will be captured here: D:/system/system_ability_2018/system_ability_2018/ip_repo/car_by_li/edit_Motor_driver_v1_0.runs/impl_1/runme.log
launch_runs impl_1 -to_step write_bitstream -jobs 4
[Mon Dec 17 09:35:50 2018] Launched impl_1...
Run output will be captured here: D:/system/system_ability_2018/system_ability_2018/ip_repo/car_by_li/edit_Motor_driver_v1_0.runs/impl_1/runme.log
set_property core_revision 9 [ipx::current_core]
ipx::create_xgui_files [ipx::current_core]
ipx::update_checksums [ipx::current_core]
ipx::save_core [ipx::current_core]
update_ip_catalog -rebuild -repo_path d:/system/system_ability_2018/system_ability_2018/ip_repo/car_by_li/motor_driver_1.0
INFO: [IP_Flow 19-725] Reloaded user IP repository 'd:/system/system_ability_2018/system_ability_2018/ip_repo/car_by_li/motor_driver_1.0'
ipx::check_integrity -quiet [ipx::current_core]
ipx::archive_core {D:\system\system_ability_2018\system_ability_2018\ip_repo\car_by_li\xilinx.com_user_Motor_driver_1.0.zip} [ipx::current_core]
reset_run synth_1
launch_runs impl_1 -jobs 4
[Mon Dec 17 10:39:02 2018] Launched synth_1...
Run output will be captured here: D:/system/system_ability_2018/system_ability_2018/ip_repo/car_by_li/edit_Motor_driver_v1_0.runs/synth_1/runme.log
[Mon Dec 17 10:39:02 2018] Launched impl_1...
Run output will be captured here: D:/system/system_ability_2018/system_ability_2018/ip_repo/car_by_li/edit_Motor_driver_v1_0.runs/impl_1/runme.log
