#-----------------------------------------------------------
# Vivado v2015.2 (64-bit)
# SW Build 1266856 on Fri Jun 26 16:35:25 MDT 2015
# IP Build 1264090 on Wed Jun 24 14:22:01 MDT 2015
# Start of session at: Wed Dec 12 09:44:02 2018
# Process ID: 2956
# Log file: D:/system/system_ability_2018/system_ability_2018/ip_repo/PWM_car/vivado.log
# Journal file: D:/system/system_ability_2018/system_ability_2018/ip_repo/PWM_car\vivado.jou
#-----------------------------------------------------------
start_gui
open_project D:/system/system_ability_2018/system_ability_2018/ip_repo/PWM_car/edit_PWM_car_v1_0.xpr
Scanning sources...
Finished scanning sources
WARNING: [filemgmt 56-3] IP Repository Path: Could not find the directory 'D:/system/system_ability_2018/system_ability_2018/ip_repo/carPWM/PWM_1.0'.
INFO: [IP_Flow 19-234] Refreshing IP repositories
INFO: [IP_Flow 19-1700] Loaded user IP repository 'd:/system/system_ability_2018/system_ability_2018/ip_repo/PWM_car/PWM_car_1.0'.
WARNING: [IP_Flow 19-2248] Failed to load user IP repository 'd:/system/system_ability_2018/system_ability_2018/ip_repo/carPWM/PWM_1.0'; Can't find the specified path.
If this directory should no longer be in your list of user repositories, go to the IP Settings dialog and remove it.
INFO: [IP_Flow 19-1700] Loaded user IP repository 'd:/system/system_ability_2018/system_ability_2018/my_ip_repo/PWM_w_1.0'.
INFO: [IP_Flow 19-1700] Loaded user IP repository 'd:/system/system_ability_2018/system_ability_2018/ip_repo/PWM_w_Int_1.0'.
INFO: [IP_Flow 19-1700] Loaded user IP repository 'd:/system/system_ability_2018/system_ability_2018/ip_repo/my_mips_packaged'.
INFO: [IP_Flow 19-2313] Loaded Vivado IP repository 'E:/vivado/Vivado/2015.2/data/ip'.
open_project: Time (s): cpu = 00:00:28 ; elapsed = 00:00:14 . Memory (MB): peak = 770.469 ; gain = 189.762
exit
INFO: [Common 17-206] Exiting Vivado at Wed Dec 12 11:56:35 2018...
