#-----------------------------------------------------------
# Vivado v2015.2 (64-bit)
# SW Build 1266856 on Fri Jun 26 16:35:25 MDT 2015
# IP Build 1264090 on Wed Jun 24 14:22:01 MDT 2015
# Start of session at: Thu Dec 27 08:25:29 2018
# Process ID: 17968
# Log file: D:/system/system_ability_2018/system_ability_2018/MIPSfpga_axi4_ddr/vivado.log
# Journal file: D:/system/system_ability_2018/system_ability_2018/MIPSfpga_axi4_ddr\vivado.jou
#-----------------------------------------------------------
start_gui
open_project D:/system/system_ability_2018/system_ability_2018/MIPSfpga_axi4_ddr/MIPSfpga_axi4.xpr
Scanning sources...
Finished scanning sources
INFO: [IP_Flow 19-234] Refreshing IP repositories
INFO: [IP_Flow 19-1700] Loaded user IP repository 'd:/system/system_ability_2018/system_ability_2018/ip_repo/RGB565_1.0'.
INFO: [IP_Flow 19-1700] Loaded user IP repository 'd:/system/system_ability_2018/system_ability_2018/ip_repo/car_by_li'.
INFO: [IP_Flow 19-1700] Loaded user IP repository 'd:/system/system_ability_2018/system_ability_2018/ip_repo/PWM_w_Int_1.0'.
INFO: [IP_Flow 19-1700] Loaded user IP repository 'd:/system/system_ability_2018/system_ability_2018/ip_repo/my_mips_packaged'.
INFO: [IP_Flow 19-2313] Loaded Vivado IP repository 'E:/vivado/Vivado/2015.2/data/ip'.
open_project: Time (s): cpu = 00:00:30 ; elapsed = 00:00:40 . Memory (MB): peak = 1011.391 ; gain = 431.582
open_bd_design {D:/system/system_ability_2018/system_ability_2018/MIPSfpga_axi4_ddr/MIPSfpga_axi4.srcs/sources_1/bd/MIPSfpga_system/MIPSfpga_system.bd}
Adding component instance block -- imgtec.org:user:MIPS_MicroAptiv_UP:1.3.1 - MIPS_MicroAptiv_UP_0
Adding component instance block -- xilinx.com:ip:ahblite_axi_bridge:3.0 - ahblite_axi_bridge_0
Adding component instance block -- xilinx.com:ip:xlconstant:1.1 - xlconstant_0
Adding component instance block -- xilinx.com:ip:blk_mem_gen:8.2 - blk_mem_gen_0
Adding component instance block -- xilinx.com:ip:axi_bram_ctrl:4.0 - axi_bram_ctrl_0
Adding component instance block -- xilinx.com:ip:util_ds_buf:2.1 - util_ds_buf_0
Adding component instance block -- xilinx.com:ip:xlconstant:1.1 - xlconstant_1
Adding component instance block -- xilinx.com:ip:xlconstant:1.1 - xlconstant_2
Adding component instance block -- xilinx.com:ip:util_vector_logic:2.0 - util_vector_logic_0
Adding component instance block -- xilinx.com:ip:util_vector_logic:2.0 - util_vector_logic_1
Adding component instance block -- xilinx.com:ip:xlconstant:1.1 - xlconstant_3
Adding component instance block -- xilinx.com:ip:util_vector_logic:2.0 - util_vector_logic_2
Adding component instance block -- xilinx.com:ip:xlconcat:2.1 - xlconcat_0
Adding component instance block -- xilinx.com:ip:axi_intc:4.1 - axi_intc_0
Adding component instance block -- xilinx.com:ip:xlconcat:2.1 - xlconcat_1
Adding component instance block -- xilinx.com:ip:xlconstant:1.1 - xlconstant_4
Adding component instance block -- xilinx.com:ip:axi_uart16550:2.0 - axi_uart16550_1
Adding component instance block -- xilinx.com:ip:axi_gpio:2.0 - axi_gpio_0
Adding component instance block -- xilinx.com:ip:axi_uart16550:2.0 - axi_uart16550_0
Adding component instance block -- xilinx.com:ip:clk_wiz:5.1 - clk_wiz_0
INFO: [xilinx.com:ip:clk_wiz:5.1-147] MIPSfpga_system_clk_wiz_0_0: clkphy_en: false , clkphy_freq: 600.000
INFO: [xilinx.com:ip:clk_wiz:5.1-132] MIPSfpga_system_clk_wiz_0_0: mmcm_pll_calc_optimals: GetClosestSolution: errStr: 1
INFO: [xilinx.com:ip:clk_wiz:5.1-137] MIPSfpga_system_clk_wiz_0_0: phyMode: NONE phyFreq: 50.000
INFO: [xilinx.com:ip:clk_wiz:5.1-147] MIPSfpga_system_clk_wiz_0_0: clkphy_en: false , clkphy_freq: 600.000
INFO: [xilinx.com:ip:clk_wiz:5.1-132] MIPSfpga_system_clk_wiz_0_0: mmcm_pll_calc_optimals: GetClosestSolution: errStr: 1
INFO: [xilinx.com:ip:clk_wiz:5.1-137] MIPSfpga_system_clk_wiz_0_0: phyMode: NONE phyFreq: 50.000
INFO: [xilinx.com:ip:clk_wiz:5.1-147] MIPSfpga_system_clk_wiz_0_0: clkphy_en: false , clkphy_freq: 600.000
INFO: [xilinx.com:ip:clk_wiz:5.1-132] MIPSfpga_system_clk_wiz_0_0: mmcm_pll_calc_optimals: GetClosestSolution: errStr: 1
INFO: [xilinx.com:ip:clk_wiz:5.1-137] MIPSfpga_system_clk_wiz_0_0: phyMode: NONE phyFreq: 50.000
INFO: [xilinx.com:ip:clk_wiz:5.1-147] MIPSfpga_system_clk_wiz_0_0: clkphy_en: false , clkphy_freq: 600.000
INFO: [xilinx.com:ip:clk_wiz:5.1-132] MIPSfpga_system_clk_wiz_0_0: mmcm_pll_calc_optimals: GetClosestSolution: errStr: 1
INFO: [xilinx.com:ip:clk_wiz:5.1-137] MIPSfpga_system_clk_wiz_0_0: phyMode: NONE phyFreq: 50.000
INFO: [xilinx.com:ip:clk_wiz:5.1-147] MIPSfpga_system_clk_wiz_0_0: clkphy_en: false , clkphy_freq: 600.000
INFO: [xilinx.com:ip:clk_wiz:5.1-132] MIPSfpga_system_clk_wiz_0_0: mmcm_pll_calc_optimals: GetClosestSolution: errStr: 1
INFO: [xilinx.com:ip:clk_wiz:5.1-137] MIPSfpga_system_clk_wiz_0_0: phyMode: NONE phyFreq: 50.000
INFO: [xilinx.com:ip:clk_wiz:5.1-147] MIPSfpga_system_clk_wiz_0_0: clkphy_en: false , clkphy_freq: 600.000
INFO: [xilinx.com:ip:clk_wiz:5.1-132] MIPSfpga_system_clk_wiz_0_0: mmcm_pll_calc_optimals: GetClosestSolution: errStr: 1
INFO: [xilinx.com:ip:clk_wiz:5.1-137] MIPSfpga_system_clk_wiz_0_0: phyMode: NONE phyFreq: 50.000
INFO: [xilinx.com:ip:clk_wiz:5.1-147] MIPSfpga_system_clk_wiz_0_0: clkphy_en: false , clkphy_freq: 600.000
INFO: [xilinx.com:ip:clk_wiz:5.1-132] MIPSfpga_system_clk_wiz_0_0: mmcm_pll_calc_optimals: GetClosestSolution: errStr: 1
INFO: [xilinx.com:ip:clk_wiz:5.1-137] MIPSfpga_system_clk_wiz_0_0: phyMode: NONE phyFreq: 50.000
INFO: [xilinx.com:ip:clk_wiz:5.1-147] MIPSfpga_system_clk_wiz_0_0: clkphy_en: false , clkphy_freq: 600.000
INFO: [xilinx.com:ip:clk_wiz:5.1-132] MIPSfpga_system_clk_wiz_0_0: mmcm_pll_calc_optimals: GetClosestSolution: errStr: 1
INFO: [xilinx.com:ip:clk_wiz:5.1-137] MIPSfpga_system_clk_wiz_0_0: phyMode: NONE phyFreq: 50.000
INFO: [xilinx.com:ip:clk_wiz:5.1-147] MIPSfpga_system_clk_wiz_0_0: clkphy_en: false , clkphy_freq: 600.000
INFO: [xilinx.com:ip:clk_wiz:5.1-132] MIPSfpga_system_clk_wiz_0_0: mmcm_pll_calc_optimals: GetClosestSolution: errStr: 1
INFO: [xilinx.com:ip:clk_wiz:5.1-137] MIPSfpga_system_clk_wiz_0_0: phyMode: NONE phyFreq: 50.000
INFO: [xilinx.com:ip:clk_wiz:5.1-147] MIPSfpga_system_clk_wiz_0_0: clkphy_en: false , clkphy_freq: 600.000
INFO: [xilinx.com:ip:clk_wiz:5.1-132] MIPSfpga_system_clk_wiz_0_0: mmcm_pll_calc_optimals: GetClosestSolution: errStr: 1
INFO: [xilinx.com:ip:clk_wiz:5.1-137] MIPSfpga_system_clk_wiz_0_0: phyMode: NONE phyFreq: 50.000
INFO: [xilinx.com:ip:clk_wiz:5.1-147] MIPSfpga_system_clk_wiz_0_0: clkphy_en: false , clkphy_freq: 600.000
INFO: [xilinx.com:ip:clk_wiz:5.1-132] MIPSfpga_system_clk_wiz_0_0: mmcm_pll_calc_optimals: GetClosestSolution: errStr: 1
INFO: [xilinx.com:ip:clk_wiz:5.1-137] MIPSfpga_system_clk_wiz_0_0: phyMode: NONE phyFreq: 50.000
INFO: [xilinx.com:ip:clk_wiz:5.1-147] MIPSfpga_system_clk_wiz_0_0: clkphy_en: false , clkphy_freq: 600.000
INFO: [xilinx.com:ip:clk_wiz:5.1-132] MIPSfpga_system_clk_wiz_0_0: mmcm_pll_calc_optimals: GetClosestSolution: errStr: 1
INFO: [xilinx.com:ip:clk_wiz:5.1-137] MIPSfpga_system_clk_wiz_0_0: phyMode: NONE phyFreq: 50.000
INFO: [xilinx.com:ip:clk_wiz:5.1-147] MIPSfpga_system_clk_wiz_0_0: clkphy_en: false , clkphy_freq: 600.000
INFO: [xilinx.com:ip:clk_wiz:5.1-132] MIPSfpga_system_clk_wiz_0_0: mmcm_pll_calc_optimals: GetClosestSolution: errStr: 1
INFO: [xilinx.com:ip:clk_wiz:5.1-137] MIPSfpga_system_clk_wiz_0_0: phyMode: NONE phyFreq: 50.000
INFO: [xilinx.com:ip:clk_wiz:5.1-147] MIPSfpga_system_clk_wiz_0_0: clkphy_en: false , clkphy_freq: 600.000
INFO: [xilinx.com:ip:clk_wiz:5.1-132] MIPSfpga_system_clk_wiz_0_0: mmcm_pll_calc_optimals: GetClosestSolution: errStr: 1
INFO: [xilinx.com:ip:clk_wiz:5.1-137] MIPSfpga_system_clk_wiz_0_0: phyMode: NONE phyFreq: 50.000
INFO: [xilinx.com:ip:clk_wiz:5.1-147] MIPSfpga_system_clk_wiz_0_0: clkphy_en: false , clkphy_freq: 600.000
INFO: [xilinx.com:ip:clk_wiz:5.1-132] MIPSfpga_system_clk_wiz_0_0: mmcm_pll_calc_optimals: GetClosestSolution: errStr: 1
INFO: [xilinx.com:ip:clk_wiz:5.1-137] MIPSfpga_system_clk_wiz_0_0: phyMode: NONE phyFreq: 50.000
INFO: [xilinx.com:ip:clk_wiz:5.1-147] MIPSfpga_system_clk_wiz_0_0: clkphy_en: false , clkphy_freq: 600.000
INFO: [xilinx.com:ip:clk_wiz:5.1-132] MIPSfpga_system_clk_wiz_0_0: mmcm_pll_calc_optimals: GetClosestSolution: errStr: 1
INFO: [xilinx.com:ip:clk_wiz:5.1-137] MIPSfpga_system_clk_wiz_0_0: phyMode: NONE phyFreq: 50.000
INFO: [xilinx.com:ip:clk_wiz:5.1-147] MIPSfpga_system_clk_wiz_0_0: clkphy_en: false , clkphy_freq: 600.000
INFO: [xilinx.com:ip:clk_wiz:5.1-132] MIPSfpga_system_clk_wiz_0_0: mmcm_pll_calc_optimals: GetClosestSolution: errStr: 1
INFO: [xilinx.com:ip:clk_wiz:5.1-137] MIPSfpga_system_clk_wiz_0_0: phyMode: NONE phyFreq: 50.000
INFO: [xilinx.com:ip:clk_wiz:5.1-147] MIPSfpga_system_clk_wiz_0_0: clkphy_en: false , clkphy_freq: 600.000
INFO: [xilinx.com:ip:clk_wiz:5.1-132] MIPSfpga_system_clk_wiz_0_0: mmcm_pll_calc_optimals: GetClosestSolution: errStr: 1
INFO: [xilinx.com:ip:clk_wiz:5.1-137] MIPSfpga_system_clk_wiz_0_0: phyMode: NONE phyFreq: 50.000
INFO: [xilinx.com:ip:clk_wiz:5.1-147] MIPSfpga_system_clk_wiz_0_0: clkphy_en: false , clkphy_freq: 600.000
INFO: [xilinx.com:ip:clk_wiz:5.1-132] MIPSfpga_system_clk_wiz_0_0: mmcm_pll_calc_optimals: GetClosestSolution: errStr: 1
INFO: [xilinx.com:ip:clk_wiz:5.1-137] MIPSfpga_system_clk_wiz_0_0: phyMode: NONE phyFreq: 50.000
INFO: [xilinx.com:ip:clk_wiz:5.1-147] MIPSfpga_system_clk_wiz_0_0: clkphy_en: false , clkphy_freq: 600.000
INFO: [xilinx.com:ip:clk_wiz:5.1-132] MIPSfpga_system_clk_wiz_0_0: mmcm_pll_calc_optimals: GetClosestSolution: errStr: 1
INFO: [xilinx.com:ip:clk_wiz:5.1-137] MIPSfpga_system_clk_wiz_0_0: phyMode: NONE phyFreq: 50.000
INFO: [xilinx.com:ip:clk_wiz:5.1-147] MIPSfpga_system_clk_wiz_0_0: clkphy_en: false , clkphy_freq: 600.000
INFO: [xilinx.com:ip:clk_wiz:5.1-132] MIPSfpga_system_clk_wiz_0_0: mmcm_pll_calc_optimals: GetClosestSolution: errStr: 1
INFO: [xilinx.com:ip:clk_wiz:5.1-137] MIPSfpga_system_clk_wiz_0_0: phyMode: NONE phyFreq: 50.000
INFO: [xilinx.com:ip:clk_wiz:5.1-147] MIPSfpga_system_clk_wiz_0_0: clkphy_en: false , clkphy_freq: 600.000
INFO: [xilinx.com:ip:clk_wiz:5.1-132] MIPSfpga_system_clk_wiz_0_0: mmcm_pll_calc_optimals: GetClosestSolution: errStr: 1
INFO: [xilinx.com:ip:clk_wiz:5.1-137] MIPSfpga_system_clk_wiz_0_0: phyMode: NONE phyFreq: 50.000
INFO: [xilinx.com:ip:clk_wiz:5.1-147] MIPSfpga_system_clk_wiz_0_0: clkphy_en: false , clkphy_freq: 600.000
INFO: [xilinx.com:ip:clk_wiz:5.1-132] MIPSfpga_system_clk_wiz_0_0: mmcm_pll_calc_optimals: GetClosestSolution: errStr: 1
INFO: [xilinx.com:ip:clk_wiz:5.1-137] MIPSfpga_system_clk_wiz_0_0: phyMode: NONE phyFreq: 50.000
INFO: [xilinx.com:ip:clk_wiz:5.1-147] MIPSfpga_system_clk_wiz_0_0: clkphy_en: false , clkphy_freq: 600.000
INFO: [xilinx.com:ip:clk_wiz:5.1-132] MIPSfpga_system_clk_wiz_0_0: mmcm_pll_calc_optimals: GetClosestSolution: errStr: 1
INFO: [xilinx.com:ip:clk_wiz:5.1-137] MIPSfpga_system_clk_wiz_0_0: phyMode: NONE phyFreq: 50.000
INFO: [xilinx.com:ip:clk_wiz:5.1-147] MIPSfpga_system_clk_wiz_0_0: clkphy_en: false , clkphy_freq: 600.000
INFO: [xilinx.com:ip:clk_wiz:5.1-132] MIPSfpga_system_clk_wiz_0_0: mmcm_pll_calc_optimals: GetClosestSolution: errStr: 1
INFO: [xilinx.com:ip:clk_wiz:5.1-137] MIPSfpga_system_clk_wiz_0_0: phyMode: NONE phyFreq: 50.000
INFO: [xilinx.com:ip:clk_wiz:5.1-147] MIPSfpga_system_clk_wiz_0_0: clkphy_en: false , clkphy_freq: 600.000
INFO: [xilinx.com:ip:clk_wiz:5.1-132] MIPSfpga_system_clk_wiz_0_0: mmcm_pll_calc_optimals: GetClosestSolution: errStr: 1
INFO: [xilinx.com:ip:clk_wiz:5.1-137] MIPSfpga_system_clk_wiz_0_0: phyMode: NONE phyFreq: 50.000
INFO: [xilinx.com:ip:clk_wiz:5.1-147] MIPSfpga_system_clk_wiz_0_0: clkphy_en: false , clkphy_freq: 600.000
INFO: [xilinx.com:ip:clk_wiz:5.1-132] MIPSfpga_system_clk_wiz_0_0: mmcm_pll_calc_optimals: GetClosestSolution: errStr: 1
INFO: [xilinx.com:ip:clk_wiz:5.1-137] MIPSfpga_system_clk_wiz_0_0: phyMode: NONE phyFreq: 50.000
INFO: [xilinx.com:ip:clk_wiz:5.1-147] MIPSfpga_system_clk_wiz_0_0: clkphy_en: false , clkphy_freq: 600.000
INFO: [xilinx.com:ip:clk_wiz:5.1-132] MIPSfpga_system_clk_wiz_0_0: mmcm_pll_calc_optimals: GetClosestSolution: errStr: 1
INFO: [xilinx.com:ip:clk_wiz:5.1-137] MIPSfpga_system_clk_wiz_0_0: phyMode: NONE phyFreq: 50.000
INFO: [xilinx.com:ip:clk_wiz:5.1-147] MIPSfpga_system_clk_wiz_0_0: clkphy_en: false , clkphy_freq: 600.000
INFO: [xilinx.com:ip:clk_wiz:5.1-132] MIPSfpga_system_clk_wiz_0_0: mmcm_pll_calc_optimals: GetClosestSolution: errStr: 1
INFO: [xilinx.com:ip:clk_wiz:5.1-137] MIPSfpga_system_clk_wiz_0_0: phyMode: NONE phyFreq: 50.000
INFO: [xilinx.com:ip:clk_wiz:5.1-147] MIPSfpga_system_clk_wiz_0_0: clkphy_en: false , clkphy_freq: 600.000
INFO: [xilinx.com:ip:clk_wiz:5.1-132] MIPSfpga_system_clk_wiz_0_0: mmcm_pll_calc_optimals: GetClosestSolution: errStr: 1
INFO: [xilinx.com:ip:clk_wiz:5.1-137] MIPSfpga_system_clk_wiz_0_0: phyMode: NONE phyFreq: 50.000
INFO: [xilinx.com:ip:clk_wiz:5.1-147] MIPSfpga_system_clk_wiz_0_0: clkphy_en: false , clkphy_freq: 600.000
INFO: [xilinx.com:ip:clk_wiz:5.1-132] MIPSfpga_system_clk_wiz_0_0: mmcm_pll_calc_optimals: GetClosestSolution: errStr: 1
INFO: [xilinx.com:ip:clk_wiz:5.1-137] MIPSfpga_system_clk_wiz_0_0: phyMode: NONE phyFreq: 50.000
INFO: [xilinx.com:ip:clk_wiz:5.1-147] MIPSfpga_system_clk_wiz_0_0: clkphy_en: false , clkphy_freq: 600.000
INFO: [xilinx.com:ip:clk_wiz:5.1-132] MIPSfpga_system_clk_wiz_0_0: mmcm_pll_calc_optimals: GetClosestSolution: errStr: 1
INFO: [xilinx.com:ip:clk_wiz:5.1-137] MIPSfpga_system_clk_wiz_0_0: phyMode: NONE phyFreq: 50.000
INFO: [xilinx.com:ip:clk_wiz:5.1-147] MIPSfpga_system_clk_wiz_0_0: clkphy_en: false , clkphy_freq: 600.000
INFO: [xilinx.com:ip:clk_wiz:5.1-132] MIPSfpga_system_clk_wiz_0_0: mmcm_pll_calc_optimals: GetClosestSolution: errStr: 1
INFO: [xilinx.com:ip:clk_wiz:5.1-137] MIPSfpga_system_clk_wiz_0_0: phyMode: NONE phyFreq: 50.000
INFO: [xilinx.com:ip:clk_wiz:5.1-147] MIPSfpga_system_clk_wiz_0_0: clkphy_en: false , clkphy_freq: 600.000
INFO: [xilinx.com:ip:clk_wiz:5.1-132] MIPSfpga_system_clk_wiz_0_0: mmcm_pll_calc_optimals: GetClosestSolution: errStr: 1
INFO: [xilinx.com:ip:clk_wiz:5.1-137] MIPSfpga_system_clk_wiz_0_0: phyMode: NONE phyFreq: 50.000
INFO: [xilinx.com:ip:clk_wiz:5.1-147] MIPSfpga_system_clk_wiz_0_0: clkphy_en: false , clkphy_freq: 600.000
INFO: [xilinx.com:ip:clk_wiz:5.1-132] MIPSfpga_system_clk_wiz_0_0: mmcm_pll_calc_optimals: GetClosestSolution: errStr: 1
INFO: [xilinx.com:ip:clk_wiz:5.1-137] MIPSfpga_system_clk_wiz_0_0: phyMode: NONE phyFreq: 50.000
INFO: [xilinx.com:ip:clk_wiz:5.1-147] MIPSfpga_system_clk_wiz_0_0: clkphy_en: false , clkphy_freq: 600.000
INFO: [xilinx.com:ip:clk_wiz:5.1-132] MIPSfpga_system_clk_wiz_0_0: mmcm_pll_calc_optimals: GetClosestSolution: errStr: 1
INFO: [xilinx.com:ip:clk_wiz:5.1-137] MIPSfpga_system_clk_wiz_0_0: phyMode: NONE phyFreq: 50.000
INFO: [xilinx.com:ip:clk_wiz:5.1-147] MIPSfpga_system_clk_wiz_0_0: clkphy_en: false , clkphy_freq: 600.000
INFO: [xilinx.com:ip:clk_wiz:5.1-132] MIPSfpga_system_clk_wiz_0_0: mmcm_pll_calc_optimals: GetClosestSolution: errStr: 1
INFO: [xilinx.com:ip:clk_wiz:5.1-137] MIPSfpga_system_clk_wiz_0_0: phyMode: NONE phyFreq: 50.000
INFO: [xilinx.com:ip:clk_wiz:5.1-147] MIPSfpga_system_clk_wiz_0_0: clkphy_en: false , clkphy_freq: 600.000
INFO: [xilinx.com:ip:clk_wiz:5.1-132] MIPSfpga_system_clk_wiz_0_0: mmcm_pll_calc_optimals: GetClosestSolution: errStr: 1
INFO: [xilinx.com:ip:clk_wiz:5.1-137] MIPSfpga_system_clk_wiz_0_0: phyMode: NONE phyFreq: 50.000
INFO: [xilinx.com:ip:clk_wiz:5.1-147] MIPSfpga_system_clk_wiz_0_0: clkphy_en: false , clkphy_freq: 600.000
INFO: [xilinx.com:ip:clk_wiz:5.1-132] MIPSfpga_system_clk_wiz_0_0: mmcm_pll_calc_optimals: GetClosestSolution: errStr: 1
INFO: [xilinx.com:ip:clk_wiz:5.1-137] MIPSfpga_system_clk_wiz_0_0: phyMode: NONE phyFreq: 50.000
INFO: [xilinx.com:ip:clk_wiz:5.1-147] MIPSfpga_system_clk_wiz_0_0: clkphy_en: false , clkphy_freq: 600.000
INFO: [xilinx.com:ip:clk_wiz:5.1-132] MIPSfpga_system_clk_wiz_0_0: mmcm_pll_calc_optimals: GetClosestSolution: errStr: 1
INFO: [xilinx.com:ip:clk_wiz:5.1-137] MIPSfpga_system_clk_wiz_0_0: phyMode: NONE phyFreq: 50.000
INFO: [xilinx.com:ip:clk_wiz:5.1-147] MIPSfpga_system_clk_wiz_0_0: clkphy_en: false , clkphy_freq: 600.000
INFO: [xilinx.com:ip:clk_wiz:5.1-132] MIPSfpga_system_clk_wiz_0_0: mmcm_pll_calc_optimals: GetClosestSolution: errStr: 1
INFO: [xilinx.com:ip:clk_wiz:5.1-137] MIPSfpga_system_clk_wiz_0_0: phyMode: NONE phyFreq: 50.000
INFO: [xilinx.com:ip:clk_wiz:5.1-147] MIPSfpga_system_clk_wiz_0_0: clkphy_en: false , clkphy_freq: 600.000
INFO: [xilinx.com:ip:clk_wiz:5.1-132] MIPSfpga_system_clk_wiz_0_0: mmcm_pll_calc_optimals: GetClosestSolution: errStr: 1
INFO: [xilinx.com:ip:clk_wiz:5.1-137] MIPSfpga_system_clk_wiz_0_0: phyMode: NONE phyFreq: 50.000
Adding component instance block -- xilinx.com:ip:mig_7series:2.3 - mig_7series_0
Adding component instance block -- xilinx.com:user:PWM_w_Int:1.0 - PWM_w_Int_0
Adding component instance block -- xilinx.com:user:Motor_driver:1.0 - Motor_driver_0
Adding component instance block -- xilinx.com:ip:axi_iic:2.0 - axi_iic_0
Adding component instance block -- xilinx.com:ip:axi_crossbar:2.1 - xbar
Adding component instance block -- xilinx.com:ip:axi_dwidth_converter:2.1 - auto_ds
Adding component instance block -- xilinx.com:ip:axi_protocol_converter:2.1 - auto_pc
Adding component instance block -- xilinx.com:ip:axi_dwidth_converter:2.1 - auto_ds
Adding component instance block -- xilinx.com:ip:axi_protocol_converter:2.1 - auto_pc
Adding component instance block -- xilinx.com:ip:axi_dwidth_converter:2.1 - auto_ds
Adding component instance block -- xilinx.com:ip:axi_protocol_converter:2.1 - auto_pc
Adding component instance block -- xilinx.com:ip:axi_dwidth_converter:2.1 - auto_ds
Adding component instance block -- xilinx.com:ip:axi_protocol_converter:2.1 - auto_pc
Adding component instance block -- xilinx.com:ip:axi_dwidth_converter:2.1 - auto_ds
Adding component instance block -- xilinx.com:ip:axi_protocol_converter:2.1 - auto_pc
Adding component instance block -- xilinx.com:ip:axi_clock_converter:2.1 - auto_cc
Adding component instance block -- xilinx.com:ip:axi_dwidth_converter:2.1 - auto_ds
Adding component instance block -- xilinx.com:ip:axi_protocol_converter:2.1 - auto_pc
Adding component instance block -- xilinx.com:ip:axi_dwidth_converter:2.1 - auto_ds
Adding component instance block -- xilinx.com:ip:axi_dwidth_converter:2.1 - auto_ds
Adding component instance block -- xilinx.com:ip:axi_protocol_converter:2.1 - auto_pc
Adding component instance block -- xilinx.com:ip:axi_dwidth_converter:2.1 - auto_us
Successfully read diagram <MIPSfpga_system> from BD file <D:/system/system_ability_2018/system_ability_2018/MIPSfpga_axi4_ddr/MIPSfpga_axi4.srcs/sources_1/bd/MIPSfpga_system/MIPSfpga_system.bd>
open_bd_design: Time (s): cpu = 00:00:17 ; elapsed = 00:00:26 . Memory (MB): peak = 1184.813 ; gain = 164.633
